Summary of SPARK analysis
=========================

-------------------------------------------------------------------------------------------------------
SPARK Analysis results        Total       Flow   Interval   CodePeer     Provers   Justified   Unproved
-------------------------------------------------------------------------------------------------------
Data Dependencies                 1          1          .          .           .           .          .
Flow Dependencies                 1          1          .          .           .           .          .
Initialization                    1          1          .          .           .           .          .
Non-Aliasing                      .          .          .          .           .           .          .
Run-time Checks                   4          .          .          .    4 (CVC4)           .          .
Assertions                        .          .          .          .           .           .          .
Functional Contracts              2          .          .          .    2 (CVC4)           .          .
LSP Verification                  .          .          .          .           .           .          .
-------------------------------------------------------------------------------------------------------
Total                             9    3 (33%)          .          .     6 (67%)           .          .


max steps used for successful proof: 1

Analyzed 1 unit
in unit pkg_subtract, 2 subprograms and packages out of 2 analyzed
  Pkg_Subtract at pkg_subtract.ads:1 flow analyzed (0 errors, 0 checks and 0 warnings) and proved (0 checks)
  Pkg_Subtract.Subtract at pkg_subtract.ads:3 flow analyzed (0 errors, 0 checks and 0 warnings) and proved (6 checks)
